<?xml version="1.0" encoding="UTF-8"?>
<!-- Generated by org.testng.reporters.JUnitXMLReporter -->
<testsuite hostname="DESKTOP-VF8P5L1" failures="0" tests="4" name="Default test" time="177.507" errors="0" timestamp="19 Apr 2021 04:57:06 GMT">
  <testcase classname="com.qa.testscript.registration_test" name="signup" time="29.645"/>
  <testcase classname="com.qa.testscript.registration_test" name="signup" time="36.309"/>
  <testcase classname="com.qa.testscript.registration_test" name="signup" time="36.288"/>
  <testcase classname="com.qa.testscript.registration_test" name="signup" time="30.219"/>
</testsuite> <!-- Default test -->
